<?xml version="1.0" encoding="UTF-8"?>
<!-- Generated by org.testng.reporters.JUnitXMLReporter -->
<testsuite hostname="innoppl-PC" name="Test" tests="2" failures="0" timestamp="7 Jun 2020 15:02:22 GMT" time="0.272" errors="0">
  <testcase name="@BeforeMethod setup" time="0.0" classname="Testcase.PropertyTest">
    <failure type="java.lang.NullPointerException">
      <![CDATA[java.lang.NullPointerException
	at Base.Base1.browserStart(Base1.java:34)
	at Testcase.PropertyTest.setup(PropertyTest.java:55)
... Removed 26 stack frames]]>
    </failure>
  </testcase> <!-- @BeforeMethod setup -->
  <testcase name="@AfterMethod tearDown" time="0.0" classname="Testcase.PropertyTest">
    <skipped/>
  </testcase> <!-- @AfterMethod tearDown -->
  <testcase name="@BeforeMethod setup" time="0.0" classname="Testcase.PropertyTest">
    <skipped/>
  </testcase> <!-- @BeforeMethod setup -->
  <testcase name="@AfterMethod tearDown" time="0.0" classname="Testcase.PropertyTest">
    <skipped/>
  </testcase> <!-- @AfterMethod tearDown -->
  <testcase name="@AfterTest endReport" time="0.0" classname="Testcase.PropertyTest">
    <skipped/>
  </testcase> <!-- @AfterTest endReport -->
  <testcase name="sortpriceDesending" time="0.001" classname="Testcase.PropertyTest">
    <skipped/>
  </testcase> <!-- sortpriceDesending -->
  <testcase name="verifyfifthproperty" time="0.0" classname="Testcase.PropertyTest">
    <skipped/>
  </testcase> <!-- verifyfifthproperty -->
</testsuite> <!-- Test -->
