<?xml version="1.0" encoding="UTF-8"?>
<!-- Generated by org.testng.reporters.JUnitXMLReporter -->
<testsuite hostname="innoppl-PC" ignored="2" name="Test" tests="1" failures="0" timestamp="24 Jun 2020 12:49:56 GMT" time="30.607" errors="0">
  <testcase name="sortpriceDesending" time="17.64" classname="Testcase.PropertyTest"/>
  <testcase name="verifyfifthproperty" time="0.0" classname="Testcase.PropertyTest">
    <ignored/>
  </testcase> <!-- verifyfifthproperty -->
  <testcase name="searchCounty" time="0.0" classname="Testcase.PropertyTest">
    <ignored/>
  </testcase> <!-- searchCounty -->
</testsuite> <!-- Test -->
